#
# A fatal error has been detected by the Java Runtime Environment:
#
#  SIGSEGV (0xb) at pc=0x00007feb1395b468, pid=4153, tid=140647396615936
#
# JRE version: OpenJDK Runtime Environment (7.0_55-b14) (build 1.7.0_55-b14)
# Java VM: OpenJDK 64-Bit Server VM (24.51-b03 mixed mode linux-amd64 compressed oops)
# Problematic frame:
# V  [libjvm.so+0x622468]  JNIHandles::checked_resolve_jmethod_id(_jmethodID*)+0x18
#
# Failed to write core dump. Core dumps have been disabled. To enable core dumping, try "ulimit -c unlimited" before starting Java again
#
# If you would like to submit a bug report, please include
# instructions on how to reproduce the bug and visit:
#   http://icedtea.classpath.org/bugzilla
#

---------------  T H R E A D  ---------------

Current thread (0x00007feb0c0a8800):  JavaThread "JDWP Transport Listener: dt_socket" daemon [_thread_in_vm, id=4168, stack(0x00007feb060d2000,0x00007feb061d3000)]

siginfo:si_signo=SIGSEGV: si_errno=0, si_code=1 (SEGV_MAPERR), si_addr=0x0000000000000060

Registers:
RAX=0xfefefefefefefefe, RBX=0x00007feb0c003d40, RCX=0x00007feb1452d320, RDX=0x0000000000000001
RSP=0x00007feb061d19b0, RBP=0x00007feb061d19c0, RSI=0x00007feb0c0a8800, RDI=0x0000000000000060
R8 =0x0000000000000000, R9 =0x00007feaec004f50, R10=0x00007feb061d19b0, R11=0x0000000000000000
R12=0x00007feb061d1a97, R13=0x0000000000000060, R14=0x00007feb0c0a8800, R15=0x00007feb061d19e0
RIP=0x00007feb1395b468, EFLAGS=0x0000000000010202, CSGSFS=0x0000000000000033, ERR=0x0000000000000004
  TRAPNO=0x000000000000000e

Top of Stack: (sp=0x00007feb061d19b0)
0x00007feb061d19b0:   00007feb061d1a97 00007feb0c003d40
0x00007feb061d19c0:   00007feb061d1a30 00007feb13950a13
0x00007feb061d19d0:   00007feb140e11ec 00007feb1399b216
0x00007feb061d19e0:   00007feb0c0a8800 0000000000000000
0x00007feb061d19f0:   00007feb00000000 0000000000000000
0x00007feb061d1a00:   00007feb061d1b80 00007feb061d1a97
0x00007feb061d1a10:   00007feb124d1ee0 0000000000000060
0x00007feb061d1a20:   00007feb061d1a97 00007feb061d1a9c
0x00007feb061d1a30:   00007feb061d1a60 00007feb122bda09
0x00007feb061d1a40:   00007feb061d1a60 000000000000000a
0x00007feb061d1a50:   00007feb061d1b80 0000000000000060
0x00007feb061d1a60:   00007feb061d1af0 00007feb1229e548
0x00007feb061d1a70:   00007feb061d1ab0 00007feb061d1ab0
0x00007feb061d1a80:   00007feb061d1ab8 00000001122a3419
0x00007feb061d1a90:   00007feb061d1b50 000000090000000b
0x00007feb061d1aa0:   00007feaec003f80 0000000000000000
0x00007feb061d1ab0:   0000000000000000 0000000000000000
0x00007feb061d1ac0:   00007feb061d1b50 00000000000f0200
0x00007feb061d1ad0:   00007feb061d1b50 0000000000000002
0x00007feb061d1ae0:   00007feb061d1b80 00007feb124d1ee0
0x00007feb061d1af0:   00007feb061d1d40 00007feb122a85d8
0x00007feb061d1b00:   0000038100000013 00007feb130f0200
0x00007feb061d1b10:   00007feae4000ba0 00007feb124d1ee0
0x00007feb061d1b20:   00007feb061d1b50 00007feae400080f
0x00007feb061d1b30:   0000038100000013 00007feb130f0200
0x00007feb061d1b40:   00007feae4000ba0 00007feb0c09fd48
0x00007feb061d1b50:   00007feae4000ba8 000000000000000b
0x00007feb061d1b60:   0000038100000013 00007feb130f0200
0x00007feb061d1b70:   00007feae4000ba0 00007feaec004820
0x00007feb061d1b80:   00007feaec006002 0000000000000076
0x00007feb061d1b90:   00007feaec006080 00007feb0000012c
0x00007feb061d1ba0:   00007feb061d1bd0 00007feaec006080 

Instructions: (pc=0x00007feb1395b468)
0x00007feb1395b448:   0f 1f 84 00 00 00 00 00 48 85 ff 74 7b 55 48 b8
0x00007feb1395b458:   fe fe fe fe fe fe fe fe 48 89 e5 53 48 83 ec 08
0x00007feb1395b468:   48 8b 1f 48 39 c3 74 38 48 85 db 74 33 48 8d 05
0x00007feb1395b478:   c7 ba 77 00 80 38 00 75 37 48 8b 53 08 48 8b 42 

Register to memory mapping:

RAX=0xfefefefefefefefe is an unknown value
RBX=0x00007feb0c003d40 is an unknown value
RCX=0x00007feb1452d320: <offset 0x219320> in /lib/x86_64-linux-gnu/libpthread.so.0 at 0x00007feb14314000
RDX=0x0000000000000001 is an unknown value
RSP=0x00007feb061d19b0 is pointing into the stack for thread: 0x00007feb0c0a8800
RBP=0x00007feb061d19c0 is pointing into the stack for thread: 0x00007feb0c0a8800
RSI=0x00007feb0c0a8800 is a thread
RDI=0x0000000000000060 is an unknown value
R8 =0x0000000000000000 is an unknown value
R9 =0x00007feaec004f50 is an unknown value
R10=0x00007feb061d19b0 is pointing into the stack for thread: 0x00007feb0c0a8800
R11=0x0000000000000000 is an unknown value
R12=0x00007feb061d1a97 is pointing into the stack for thread: 0x00007feb0c0a8800
R13=0x0000000000000060 is an unknown value
R14=0x00007feb0c0a8800 is a thread
R15=0x00007feb061d19e0 is pointing into the stack for thread: 0x00007feb0c0a8800


Stack: [0x00007feb060d2000,0x00007feb061d3000],  sp=0x00007feb061d19b0,  free space=1022k
Native frames: (J=compiled Java code, j=interpreted, Vv=VM code, C=native code)
V  [libjvm.so+0x622468]  JNIHandles::checked_resolve_jmethod_id(_jmethodID*)+0x18
V  [libjvm.so+0x617a13]  jvmti_IsMethodSynthetic+0x1f3
C  [libjdwp.so+0x26a09]  Agent_OnLoad+0x16f49
C  [libjdwp.so+0x7548]  getenv+0x7548
C  [libjdwp.so+0x115d8]  Agent_OnLoad+0x1b18
C  [libjdwp.so+0x236e5]  Agent_OnLoad+0x13c25
V  [libjvm.so+0x680eeb]  JvmtiAgentThread::start_function_wrapper(JavaThread*, Thread*)+0x9b
V  [libjvm.so+0x8cf7c0]  JavaThread::thread_main_inner()+0xf0
V  [libjvm.so+0x8cfa31]  JavaThread::run()+0x221
V  [libjvm.so+0x7974e2]  java_start(Thread*)+0xf2


---------------  P R O C E S S  ---------------

Java Threads: ( => current thread )
  0x00007feb0c0b3800 JavaThread "Service Thread" daemon [_thread_blocked, id=4177, stack(0x00007feb05bcd000,0x00007feb05cce000)]
  0x00007feb0c0b1800 JavaThread "C2 CompilerThread1" daemon [_thread_blocked, id=4176, stack(0x00007feb05cce000,0x00007feb05dcf000)]
  0x00007feb0c0ae800 JavaThread "C2 CompilerThread0" daemon [_thread_blocked, id=4175, stack(0x00007feb05dcf000,0x00007feb05ed0000)]
  0x00007feaec001000 JavaThread "JDWP Command Reader" daemon [_thread_in_native, id=4172, stack(0x00007feb05ed0000,0x00007feb05fd1000)]
  0x00007feb0c0ac000 JavaThread "JDWP Event Helper Thread" daemon [_thread_blocked, id=4169, stack(0x00007feb05fd1000,0x00007feb060d2000)]
=>0x00007feb0c0a8800 JavaThread "JDWP Transport Listener: dt_socket" daemon [_thread_in_vm, id=4168, stack(0x00007feb060d2000,0x00007feb061d3000)]
  0x00007feb0c09b800 JavaThread "Signal Dispatcher" daemon [_thread_blocked, id=4166, stack(0x00007feb063d8000,0x00007feb064d9000)]
  0x00007feb0c07a000 JavaThread "Finalizer" daemon [_thread_blocked, id=4164, stack(0x00007feb064d9000,0x00007feb065da000)]
  0x00007feb0c078000 JavaThread "Reference Handler" daemon [_thread_blocked, id=4163, stack(0x00007feb065da000,0x00007feb066db000)]
  0x00007feb0c00c800 JavaThread "main" [_thread_blocked, id=4158, stack(0x00007feb14e01000,0x00007feb14f02000)]

Other Threads:
  0x00007feb0c073800 VMThread [stack: 0x00007feb066db000,0x00007feb067dc000] [id=4162]
  0x00007feb0c0be000 WatcherThread [stack: 0x00007feb05acc000,0x00007feb05bcd000] [id=4178]

VM state:not at safepoint (normal execution)

VM Mutex/Monitor currently owned by a thread: None

Heap
 PSYoungGen      total 18944K, used 1311K [0x00000000eb600000, 0x00000000ecb00000, 0x0000000100000000)
  eden space 16384K, 8% used [0x00000000eb600000,0x00000000eb747d20,0x00000000ec600000)
  from space 2560K, 0% used [0x00000000ec880000,0x00000000ec880000,0x00000000ecb00000)
  to   space 2560K, 0% used [0x00000000ec600000,0x00000000ec600000,0x00000000ec880000)
 ParOldGen       total 41984K, used 0K [0x00000000c2200000, 0x00000000c4b00000, 0x00000000eb600000)
  object space 41984K, 0% used [0x00000000c2200000,0x00000000c2200000,0x00000000c4b00000)
 PSPermGen       total 21504K, used 2988K [0x00000000b7c00000, 0x00000000b9100000, 0x00000000c2200000)
  object space 21504K, 13% used [0x00000000b7c00000,0x00000000b7eeb2b0,0x00000000b9100000)

Card table byte_map: [0x00007feb10ec5000,0x00007feb11108000] byte_map_base: 0x00007feb10907000

Polling page: 0x00007feb14f29000

Code Cache  [0x00007feb09000000, 0x00007feb09270000, 0x00007feb0c000000)
 total_blobs=179 nmethods=4 adapters=138 free_code_cache=48765Kb largest_free_block=49918464

Compilation events (8 events):
Event: 0,297 Thread 0x00007feb0c0ae800    1             java.lang.String::indexOf (70 bytes)
Event: 0,311 Thread 0x00007feb0c0ae800 nmethod 1 0x00007feb0905fb10 code [0x00007feb0905fc60, 0x00007feb0905fe28]
Event: 0,323 Thread 0x00007feb0c0b1800    2             sun.nio.cs.UTF_8$Encoder::encode (361 bytes)
Event: 0,341 Thread 0x00007feb0c0ae800    3             java.lang.String::indexOf (166 bytes)
Event: 0,350 Thread 0x00007feb0c0b1800 nmethod 2 0x00007feb0905ec90 code [0x00007feb0905ee20, 0x00007feb0905f4e8]
Event: 0,350 Thread 0x00007feb0c0b1800    4             java.lang.String::hashCode (55 bytes)
Event: 0,354 Thread 0x00007feb0c0b1800 nmethod 4 0x00007feb0905e8d0 code [0x00007feb0905ea20, 0x00007feb0905ebb8]
Event: 0,369 Thread 0x00007feb0c0ae800 nmethod 3 0x00007feb09062890 code [0x00007feb090629e0, 0x00007feb09062f18]

GC Heap History (0 events):
No events

Deoptimization events (0 events):
No events

Internal exceptions (10 events):
Event: 0,329 Thread 0x00007feb0c00c800 Threw 0x00000000eb6e4420 at /build/buildd/openjdk-7-7u55-2.4.7/build/openjdk/hotspot/src/share/vm/prims/jvm.cpp:1244
Event: 0,337 Thread 0x00007feb0c00c800 Threw 0x00000000eb6fa098 at /build/buildd/openjdk-7-7u55-2.4.7/build/openjdk/hotspot/src/share/vm/prims/jvm.cpp:1244
Event: 0,339 Thread 0x00007feb0c00c800 Threw 0x00000000eb6ffb18 at /build/buildd/openjdk-7-7u55-2.4.7/build/openjdk/hotspot/src/share/vm/prims/jvm.cpp:1244
Event: 0,340 Thread 0x00007feb0c00c800 Threw 0x00000000eb703b98 at /build/buildd/openjdk-7-7u55-2.4.7/build/openjdk/hotspot/src/share/vm/prims/jvm.cpp:1244
Event: 0,340 Thread 0x00007feb0c00c800 Threw 0x00000000eb7075e0 at /build/buildd/openjdk-7-7u55-2.4.7/build/openjdk/hotspot/src/share/vm/prims/jvm.cpp:1244
Event: 0,343 Thread 0x00007feb0c00c800 Threw 0x00000000eb70aea0 at /build/buildd/openjdk-7-7u55-2.4.7/build/openjdk/hotspot/src/share/vm/prims/jvm.cpp:1244
Event: 0,345 Thread 0x00007feb0c00c800 Threw 0x00000000eb70f2a0 at /build/buildd/openjdk-7-7u55-2.4.7/build/openjdk/hotspot/src/share/vm/prims/jvm.cpp:1244
Event: 0,346 Thread 0x00007feb0c00c800 Threw 0x00000000eb7141e0 at /build/buildd/openjdk-7-7u55-2.4.7/build/openjdk/hotspot/src/share/vm/prims/jvm.cpp:1244
Event: 0,347 Thread 0x00007feb0c00c800 Threw 0x00000000eb717380 at /build/buildd/openjdk-7-7u55-2.4.7/build/openjdk/hotspot/src/share/vm/prims/jvm.cpp:1244
Event: 0,359 Thread 0x00007feb0c00c800 Threw 0x00000000eb71a670 at /build/buildd/openjdk-7-7u55-2.4.7/build/openjdk/hotspot/src/share/vm/interpreter/linkResolver.cpp:969

Events (10 events):
Event: 475,195 Executing VM operation: GetCurrentLocation
Event: 475,195 Executing VM operation: GetCurrentLocation done
Event: 475,195 Executing VM operation: EnterInterpOnlyMode
Event: 475,195 Executing VM operation: EnterInterpOnlyMode done
Event: 475,195 Executing VM operation: ChangeSingleStep
Event: 475,195 Executing VM operation: ChangeSingleStep done
Event: 475,195 Executing VM operation: ChangeSingleStep
Event: 475,195 Executing VM operation: ChangeSingleStep done
Event: 475,208 Executing VM operation: RedefineClasses
Event: 475,208 Executing VM operation: RedefineClasses done


Dynamic libraries:
00400000-00401000 r-xp 00000000 08:02 524226                             /usr/lib/jvm/java-7-openjdk-amd64/jre/bin/java
00600000-00601000 r--p 00000000 08:02 524226                             /usr/lib/jvm/java-7-openjdk-amd64/jre/bin/java
00601000-00602000 rw-p 00001000 08:02 524226                             /usr/lib/jvm/java-7-openjdk-amd64/jre/bin/java
00676000-00697000 rw-p 00000000 00:00 0                                  [heap]
b7c00000-b9100000 rw-p 00000000 00:00 0 
b9100000-c2200000 rw-p 00000000 00:00 0 
c2200000-c4b00000 rw-p 00000000 00:00 0 
c4b00000-eb600000 rw-p 00000000 00:00 0 
eb600000-ecb00000 rw-p 00000000 00:00 0 
ecb00000-100000000 rw-p 00000000 00:00 0 
7fead0000000-7fead0021000 rw-p 00000000 00:00 0 
7fead0021000-7fead4000000 ---p 00000000 00:00 0 
7fead4000000-7fead4021000 rw-p 00000000 00:00 0 
7fead4021000-7fead8000000 ---p 00000000 00:00 0 
7fead8000000-7fead811c000 rw-p 00000000 00:00 0 
7fead811c000-7feadc000000 ---p 00000000 00:00 0 
7feadc000000-7feadc075000 rw-p 00000000 00:00 0 
7feadc075000-7feae0000000 ---p 00000000 00:00 0 
7feae0000000-7feae0021000 rw-p 00000000 00:00 0 
7feae0021000-7feae4000000 ---p 00000000 00:00 0 
7feae4000000-7feae4021000 rw-p 00000000 00:00 0 
7feae4021000-7feae8000000 ---p 00000000 00:00 0 
7feae8000000-7feae8021000 rw-p 00000000 00:00 0 
7feae8021000-7feaec000000 ---p 00000000 00:00 0 
7feaec000000-7feaec021000 rw-p 00000000 00:00 0 
7feaec021000-7feaf0000000 ---p 00000000 00:00 0 
7feaf0000000-7feaf0021000 rw-p 00000000 00:00 0 
7feaf0021000-7feaf4000000 ---p 00000000 00:00 0 
7feaf4000000-7feaf4021000 rw-p 00000000 00:00 0 
7feaf4021000-7feaf8000000 ---p 00000000 00:00 0 
7feaf8000000-7feaf8021000 rw-p 00000000 00:00 0 
7feaf8021000-7feafc000000 ---p 00000000 00:00 0 
7feafc000000-7feafc021000 rw-p 00000000 00:00 0 
7feafc021000-7feb00000000 ---p 00000000 00:00 0 
7feb00000000-7feb00021000 rw-p 00000000 00:00 0 
7feb00021000-7feb04000000 ---p 00000000 00:00 0 
7feb05896000-7feb05acc000 rw-p 00000000 00:00 0 
7feb05acc000-7feb05acd000 ---p 00000000 00:00 0 
7feb05acd000-7feb05bcd000 rw-p 00000000 00:00 0                          [stack:4178]
7feb05bcd000-7feb05bd0000 ---p 00000000 00:00 0 
7feb05bd0000-7feb05cce000 rw-p 00000000 00:00 0                          [stack:4177]
7feb05cce000-7feb05cd1000 ---p 00000000 00:00 0 
7feb05cd1000-7feb05dcf000 rw-p 00000000 00:00 0                          [stack:4176]
7feb05dcf000-7feb05dd2000 ---p 00000000 00:00 0 
7feb05dd2000-7feb05ed0000 rw-p 00000000 00:00 0                          [stack:4175]
7feb05ed0000-7feb05ed3000 ---p 00000000 00:00 0 
7feb05ed3000-7feb05fd1000 rw-p 00000000 00:00 0                          [stack:4172]
7feb05fd1000-7feb05fd4000 ---p 00000000 00:00 0 
7feb05fd4000-7feb060d2000 rw-p 00000000 00:00 0                          [stack:4169]
7feb060d2000-7feb060d5000 ---p 00000000 00:00 0 
7feb060d5000-7feb061d3000 rw-p 00000000 00:00 0                          [stack:4168]
7feb061d3000-7feb061d7000 r-xp 00000000 08:02 524274                     /usr/lib/jvm/java-7-openjdk-amd64/jre/lib/amd64/libdt_socket.so
7feb061d7000-7feb063d6000 ---p 00004000 08:02 524274                     /usr/lib/jvm/java-7-openjdk-amd64/jre/lib/amd64/libdt_socket.so
7feb063d6000-7feb063d7000 r--p 00003000 08:02 524274                     /usr/lib/jvm/java-7-openjdk-amd64/jre/lib/amd64/libdt_socket.so
7feb063d7000-7feb063d8000 rw-p 00004000 08:02 524274                     /usr/lib/jvm/java-7-openjdk-amd64/jre/lib/amd64/libdt_socket.so
7feb063d8000-7feb063db000 ---p 00000000 00:00 0 
7feb063db000-7feb064d9000 rw-p 00000000 00:00 0                          [stack:4166]
7feb064d9000-7feb064dc000 ---p 00000000 00:00 0 
7feb064dc000-7feb065da000 rw-p 00000000 00:00 0                          [stack:4164]
7feb065da000-7feb065dd000 ---p 00000000 00:00 0 
7feb065dd000-7feb066db000 rw-p 00000000 00:00 0                          [stack:4163]
7feb066db000-7feb066dc000 ---p 00000000 00:00 0 
7feb066dc000-7feb09000000 rw-p 00000000 00:00 0                          [stack:4162]
7feb09000000-7feb09270000 rwxp 00000000 00:00 0 
7feb09270000-7feb0c145000 rw-p 00000000 00:00 0 
7feb0c145000-7feb10000000 ---p 00000000 00:00 0 
7feb10084000-7feb10086000 rw-p 00000000 00:00 0 
7feb10086000-7feb1008c000 r--s 00036000 08:03 26266632                   /home/esteban/.m2/repository/junit/junit/4.11/junit-4.11.jar
7feb1008c000-7feb1063d000 rw-p 00000000 00:00 0 
7feb1063d000-7feb107eb000 r--s 01cfc000 08:02 524233                     /usr/lib/jvm/java-7-openjdk-amd64/jre/lib/rt.jar
7feb107eb000-7feb10b26000 rw-p 00000000 00:00 0 
7feb10b26000-7feb10b27000 ---p 00000000 00:00 0 
7feb10b27000-7feb10c27000 rw-p 00000000 00:00 0                          [stack:4161]
7feb10c27000-7feb10c28000 ---p 00000000 00:00 0 
7feb10c28000-7feb10d33000 rw-p 00000000 00:00 0                          [stack:4160]
7feb10d33000-7feb10d7b000 rw-p 00000000 00:00 0 
7feb10d7b000-7feb10d90000 rw-p 00000000 00:00 0 
7feb10d90000-7feb10ec5000 rw-p 00000000 00:00 0 
7feb10ec5000-7feb10ed0000 rw-p 00000000 00:00 0 
7feb10ed0000-7feb10f18000 rw-p 00000000 00:00 0 
7feb10f18000-7feb10f2d000 rw-p 00000000 00:00 0 
7feb10f2d000-7feb11062000 rw-p 00000000 00:00 0 
7feb11062000-7feb1106d000 rw-p 00000000 00:00 0 
7feb1106d000-7feb11107000 rw-p 00000000 00:00 0 
7feb11107000-7feb11108000 rw-p 00000000 00:00 0 
7feb11108000-7feb11110000 r-xp 00000000 08:02 524273                     /usr/lib/jvm/java-7-openjdk-amd64/jre/lib/amd64/libzip.so
7feb11110000-7feb1130f000 ---p 00008000 08:02 524273                     /usr/lib/jvm/java-7-openjdk-amd64/jre/lib/amd64/libzip.so
7feb1130f000-7feb11310000 r--p 00007000 08:02 524273                     /usr/lib/jvm/java-7-openjdk-amd64/jre/lib/amd64/libzip.so
7feb11310000-7feb11311000 rw-p 00008000 08:02 524273                     /usr/lib/jvm/java-7-openjdk-amd64/jre/lib/amd64/libzip.so
7feb11311000-7feb1131c000 r-xp 00000000 08:02 265538                     /lib/x86_64-linux-gnu/libnss_files-2.19.so
7feb1131c000-7feb1151b000 ---p 0000b000 08:02 265538                     /lib/x86_64-linux-gnu/libnss_files-2.19.so
7feb1151b000-7feb1151c000 r--p 0000a000 08:02 265538                     /lib/x86_64-linux-gnu/libnss_files-2.19.so
7feb1151c000-7feb1151d000 rw-p 0000b000 08:02 265538                     /lib/x86_64-linux-gnu/libnss_files-2.19.so
7feb1151d000-7feb11528000 r-xp 00000000 08:02 265548                     /lib/x86_64-linux-gnu/libnss_nis-2.19.so
7feb11528000-7feb11727000 ---p 0000b000 08:02 265548                     /lib/x86_64-linux-gnu/libnss_nis-2.19.so
7feb11727000-7feb11728000 r--p 0000a000 08:02 265548                     /lib/x86_64-linux-gnu/libnss_nis-2.19.so
7feb11728000-7feb11729000 rw-p 0000b000 08:02 265548                     /lib/x86_64-linux-gnu/libnss_nis-2.19.so
7feb11729000-7feb11740000 r-xp 00000000 08:02 265532                     /lib/x86_64-linux-gnu/libnsl-2.19.so
7feb11740000-7feb1193f000 ---p 00017000 08:02 265532                     /lib/x86_64-linux-gnu/libnsl-2.19.so
7feb1193f000-7feb11940000 r--p 00016000 08:02 265532                     /lib/x86_64-linux-gnu/libnsl-2.19.so
7feb11940000-7feb11941000 rw-p 00017000 08:02 265532                     /lib/x86_64-linux-gnu/libnsl-2.19.so
7feb11941000-7feb11943000 rw-p 00000000 00:00 0 
7feb11943000-7feb1194c000 r-xp 00000000 08:02 265534                     /lib/x86_64-linux-gnu/libnss_compat-2.19.so
7feb1194c000-7feb11b4b000 ---p 00009000 08:02 265534                     /lib/x86_64-linux-gnu/libnss_compat-2.19.so
7feb11b4b000-7feb11b4c000 r--p 00008000 08:02 265534                     /lib/x86_64-linux-gnu/libnss_compat-2.19.so
7feb11b4c000-7feb11b4d000 rw-p 00009000 08:02 265534                     /lib/x86_64-linux-gnu/libnss_compat-2.19.so
7feb11b4d000-7feb12093000 r--p 00000000 08:02 398374                     /usr/lib/locale/locale-archive
7feb12093000-7feb12096000 r-xp 00000000 08:02 524301                     /usr/lib/jvm/java-7-openjdk-amd64/jre/lib/amd64/libnpt.so
7feb12096000-7feb12295000 ---p 00003000 08:02 524301                     /usr/lib/jvm/java-7-openjdk-amd64/jre/lib/amd64/libnpt.so
7feb12295000-7feb12296000 r--p 00002000 08:02 524301                     /usr/lib/jvm/java-7-openjdk-amd64/jre/lib/amd64/libnpt.so
7feb12296000-7feb12297000 rw-p 00003000 08:02 524301                     /usr/lib/jvm/java-7-openjdk-amd64/jre/lib/amd64/libnpt.so
7feb12297000-7feb122d1000 r-xp 00000000 08:02 524288                     /usr/lib/jvm/java-7-openjdk-amd64/jre/lib/amd64/libjdwp.so
7feb122d1000-7feb124d0000 ---p 0003a000 08:02 524288                     /usr/lib/jvm/java-7-openjdk-amd64/jre/lib/amd64/libjdwp.so
7feb124d0000-7feb124d1000 r--p 00039000 08:02 524288                     /usr/lib/jvm/java-7-openjdk-amd64/jre/lib/amd64/libjdwp.so
7feb124d1000-7feb124d2000 rw-p 0003a000 08:02 524288                     /usr/lib/jvm/java-7-openjdk-amd64/jre/lib/amd64/libjdwp.so
7feb124d2000-7feb124fd000 r-xp 00000000 08:02 524269                     /usr/lib/jvm/java-7-openjdk-amd64/jre/lib/amd64/libjava.so
7feb124fd000-7feb126fc000 ---p 0002b000 08:02 524269                     /usr/lib/jvm/java-7-openjdk-amd64/jre/lib/amd64/libjava.so
7feb126fc000-7feb126fd000 r--p 0002a000 08:02 524269                     /usr/lib/jvm/java-7-openjdk-amd64/jre/lib/amd64/libjava.so
7feb126fd000-7feb126ff000 rw-p 0002b000 08:02 524269                     /usr/lib/jvm/java-7-openjdk-amd64/jre/lib/amd64/libjava.so
7feb126ff000-7feb1270f000 r-xp 00000000 08:02 524300                     /usr/lib/jvm/java-7-openjdk-amd64/jre/lib/amd64/libverify.so
7feb1270f000-7feb1290e000 ---p 00010000 08:02 524300                     /usr/lib/jvm/java-7-openjdk-amd64/jre/lib/amd64/libverify.so
7feb1290e000-7feb12910000 r--p 0000f000 08:02 524300                     /usr/lib/jvm/java-7-openjdk-amd64/jre/lib/amd64/libverify.so
7feb12910000-7feb12911000 rw-p 00011000 08:02 524300                     /usr/lib/jvm/java-7-openjdk-amd64/jre/lib/amd64/libverify.so
7feb12911000-7feb12918000 r-xp 00000000 08:02 265591                     /lib/x86_64-linux-gnu/librt-2.19.so
7feb12918000-7feb12b17000 ---p 00007000 08:02 265591                     /lib/x86_64-linux-gnu/librt-2.19.so
7feb12b17000-7feb12b18000 r--p 00006000 08:02 265591                     /lib/x86_64-linux-gnu/librt-2.19.so
7feb12b18000-7feb12b19000 rw-p 00007000 08:02 265591                     /lib/x86_64-linux-gnu/librt-2.19.so
7feb12b19000-7feb12b2f000 r-xp 00000000 08:02 265489                     /lib/x86_64-linux-gnu/libgcc_s.so.1
7feb12b2f000-7feb12d2e000 ---p 00016000 08:02 265489                     /lib/x86_64-linux-gnu/libgcc_s.so.1
7feb12d2e000-7feb12d2f000 rw-p 00015000 08:02 265489                     /lib/x86_64-linux-gnu/libgcc_s.so.1
7feb12d2f000-7feb12e34000 r-xp 00000000 08:02 265513                     /lib/x86_64-linux-gnu/libm-2.19.so
7feb12e34000-7feb13033000 ---p 00105000 08:02 265513                     /lib/x86_64-linux-gnu/libm-2.19.so
7feb13033000-7feb13034000 r--p 00104000 08:02 265513                     /lib/x86_64-linux-gnu/libm-2.19.so
7feb13034000-7feb13035000 rw-p 00105000 08:02 265513                     /lib/x86_64-linux-gnu/libm-2.19.so
7feb13035000-7feb1311b000 r-xp 00000000 08:02 530822                     /usr/lib/x86_64-linux-gnu/libstdc++.so.6.0.19
7feb1311b000-7feb1331a000 ---p 000e6000 08:02 530822                     /usr/lib/x86_64-linux-gnu/libstdc++.so.6.0.19
7feb1331a000-7feb13322000 r--p 000e5000 08:02 530822                     /usr/lib/x86_64-linux-gnu/libstdc++.so.6.0.19
7feb13322000-7feb13324000 rw-p 000ed000 08:02 530822                     /usr/lib/x86_64-linux-gnu/libstdc++.so.6.0.19
7feb13324000-7feb13339000 rw-p 00000000 00:00 0 
7feb13339000-7feb13e1a000 r-xp 00000000 08:02 524283                     /usr/lib/jvm/java-7-openjdk-amd64/jre/lib/amd64/server/libjvm.so
7feb13e1a000-7feb14019000 ---p 00ae1000 08:02 524283                     /usr/lib/jvm/java-7-openjdk-amd64/jre/lib/amd64/server/libjvm.so
7feb14019000-7feb140ab000 r--p 00ae0000 08:02 524283                     /usr/lib/jvm/java-7-openjdk-amd64/jre/lib/amd64/server/libjvm.so
7feb140ab000-7feb140ce000 rw-p 00b72000 08:02 524283                     /usr/lib/jvm/java-7-openjdk-amd64/jre/lib/amd64/server/libjvm.so
7feb140ce000-7feb140fb000 rw-p 00000000 00:00 0 
7feb140fb000-7feb14113000 r-xp 00000000 08:02 265626                     /lib/x86_64-linux-gnu/libz.so.1.2.8
7feb14113000-7feb14312000 ---p 00018000 08:02 265626                     /lib/x86_64-linux-gnu/libz.so.1.2.8
7feb14312000-7feb14313000 r--p 00017000 08:02 265626                     /lib/x86_64-linux-gnu/libz.so.1.2.8
7feb14313000-7feb14314000 rw-p 00018000 08:02 265626                     /lib/x86_64-linux-gnu/libz.so.1.2.8
7feb14314000-7feb1432d000 r-xp 00000000 08:02 265583                     /lib/x86_64-linux-gnu/libpthread-2.19.so
7feb1432d000-7feb1452c000 ---p 00019000 08:02 265583                     /lib/x86_64-linux-gnu/libpthread-2.19.so
7feb1452c000-7feb1452d000 r--p 00018000 08:02 265583                     /lib/x86_64-linux-gnu/libpthread-2.19.so
7feb1452d000-7feb1452e000 rw-p 00019000 08:02 265583                     /lib/x86_64-linux-gnu/libpthread-2.19.so
7feb1452e000-7feb14532000 rw-p 00000000 00:00 0 
7feb14532000-7feb14535000 r-xp 00000000 08:02 265479                     /lib/x86_64-linux-gnu/libdl-2.19.so
7feb14535000-7feb14734000 ---p 00003000 08:02 265479                     /lib/x86_64-linux-gnu/libdl-2.19.so
7feb14734000-7feb14735000 r--p 00002000 08:02 265479                     /lib/x86_64-linux-gnu/libdl-2.19.so
7feb14735000-7feb14736000 rw-p 00003000 08:02 265479                     /lib/x86_64-linux-gnu/libdl-2.19.so
7feb14736000-7feb148f2000 r-xp 00000000 08:02 265462                     /lib/x86_64-linux-gnu/libc-2.19.so
7feb148f2000-7feb14af1000 ---p 001bc000 08:02 265462                     /lib/x86_64-linux-gnu/libc-2.19.so
7feb14af1000-7feb14af5000 r--p 001bb000 08:02 265462                     /lib/x86_64-linux-gnu/libc-2.19.so
7feb14af5000-7feb14af7000 rw-p 001bf000 08:02 265462                     /lib/x86_64-linux-gnu/libc-2.19.so
7feb14af7000-7feb14afc000 rw-p 00000000 00:00 0 
7feb14afc000-7feb14b09000 r-xp 00000000 08:02 524293                     /usr/lib/jvm/java-7-openjdk-amd64/jre/lib/amd64/jli/libjli.so
7feb14b09000-7feb14d08000 ---p 0000d000 08:02 524293                     /usr/lib/jvm/java-7-openjdk-amd64/jre/lib/amd64/jli/libjli.so
7feb14d08000-7feb14d09000 r--p 0000c000 08:02 524293                     /usr/lib/jvm/java-7-openjdk-amd64/jre/lib/amd64/jli/libjli.so
7feb14d09000-7feb14d0a000 rw-p 0000d000 08:02 524293                     /usr/lib/jvm/java-7-openjdk-amd64/jre/lib/amd64/jli/libjli.so
7feb14d0a000-7feb14d2d000 r-xp 00000000 08:02 265438                     /lib/x86_64-linux-gnu/ld-2.19.so
7feb14d2d000-7feb14d2e000 r--s 00005000 08:03 27185231                   /home/esteban/git/7510-tp1-grupo8/grupo8/lib/json-simple-1.1.1.jar
7feb14d2e000-7feb14d30000 r--s 00009000 08:03 26266633                   /home/esteban/.m2/repository/org/hamcrest/hamcrest-core/1.3/hamcrest-core-1.3.jar
7feb14d30000-7feb14d32000 r--s 00006000 08:02 794784                     /usr/share/java/java-atk-wrapper.jar
7feb14d32000-7feb14d35000 r--s 00032000 08:02 524238                     /usr/lib/jvm/java-7-openjdk-amd64/jre/lib/ext/sunjce_provider.jar
7feb14d35000-7feb14d39000 r--s 00085000 08:02 524239                     /usr/lib/jvm/java-7-openjdk-amd64/jre/lib/ext/localedata.jar
7feb14d39000-7feb14d3a000 r--s 00002000 08:02 524241                     /usr/lib/jvm/java-7-openjdk-amd64/jre/lib/ext/dnsns.jar
7feb14d3a000-7feb14d3d000 r--s 0000f000 08:02 524236                     /usr/lib/jvm/java-7-openjdk-amd64/jre/lib/ext/pulse-java.jar
7feb14d3d000-7feb14d41000 r--s 0003b000 08:02 524240                     /usr/lib/jvm/java-7-openjdk-amd64/jre/lib/ext/sunpkcs11.jar
7feb14d41000-7feb14d4b000 rw-p 00000000 00:00 0 
7feb14d4b000-7feb14e01000 rw-p 00000000 00:00 0 
7feb14e01000-7feb14e04000 ---p 00000000 00:00 0 
7feb14e04000-7feb14f07000 rw-p 00000000 00:00 0                          [stack:4158]
7feb14f07000-7feb14f09000 r--s 00012000 08:02 524237                     /usr/lib/jvm/java-7-openjdk-amd64/jre/lib/ext/zipfs.jar
7feb14f09000-7feb14f20000 rw-p 00000000 00:00 0 
7feb14f20000-7feb14f28000 rw-s 00000000 08:02 1182338                    /tmp/hsperfdata_esteban/4153
7feb14f28000-7feb14f29000 rw-p 00000000 00:00 0 
7feb14f29000-7feb14f2a000 r--p 00000000 00:00 0 
7feb14f2a000-7feb14f2c000 rw-p 00000000 00:00 0 
7feb14f2c000-7feb14f2d000 r--p 00022000 08:02 265438                     /lib/x86_64-linux-gnu/ld-2.19.so
7feb14f2d000-7feb14f2e000 rw-p 00023000 08:02 265438                     /lib/x86_64-linux-gnu/ld-2.19.so
7feb14f2e000-7feb14f2f000 rw-p 00000000 00:00 0 
7fff7c730000-7fff7c751000 rw-p 00000000 00:00 0                          [stack]
7fff7c7fe000-7fff7c800000 r-xp 00000000 00:00 0                          [vdso]
ffffffffff600000-ffffffffff601000 r-xp 00000000 00:00 0                  [vsyscall]

VM Arguments:
jvm_args: -agentlib:jdwp=transport=dt_socket,suspend=y,address=localhost:40278 -Dfile.encoding=UTF-8 
java_command: tp1_7510.grupo8.Application
Launcher Type: SUN_STANDARD

Environment Variables:
PATH=/usr/local/sbin:/usr/local/bin:/usr/sbin:/usr/bin:/sbin:/bin:/usr/games:/usr/local/games
USERNAME=esteban
SHELL=/bin/bash
DISPLAY=:0

Signal Handlers:
SIGSEGV: [libjvm.so+0x918620], sa_mask[0]=0x7ffbfeff, sa_flags=0x10000004
SIGBUS: [libjvm.so+0x918620], sa_mask[0]=0x7ffbfeff, sa_flags=0x10000004
SIGFPE: [libjvm.so+0x795e30], sa_mask[0]=0x7ffbfeff, sa_flags=0x10000004
SIGPIPE: [libjvm.so+0x795e30], sa_mask[0]=0x7ffbfeff, sa_flags=0x10000004
SIGXFSZ: [libjvm.so+0x795e30], sa_mask[0]=0x7ffbfeff, sa_flags=0x10000004
SIGILL: [libjvm.so+0x795e30], sa_mask[0]=0x7ffbfeff, sa_flags=0x10000004
SIGUSR1: SIG_DFL, sa_mask[0]=0x00000000, sa_flags=0x00000000
SIGUSR2: [libjvm.so+0x795cd0], sa_mask[0]=0x00000004, sa_flags=0x10000004
SIGHUP: [libjvm.so+0x795eb0], sa_mask[0]=0x7ffbfeff, sa_flags=0x10000004
SIGINT: [libjvm.so+0x795eb0], sa_mask[0]=0x7ffbfeff, sa_flags=0x10000004
SIGTERM: [libjvm.so+0x795eb0], sa_mask[0]=0x7ffbfeff, sa_flags=0x10000004
SIGQUIT: [libjvm.so+0x795eb0], sa_mask[0]=0x7ffbfeff, sa_flags=0x10000004


---------------  S Y S T E M  ---------------

OS:LinuxMint 17 (qiana)
uname:Linux 3.13.0-24-generic #47-Ubuntu SMP Fri May 2 23:30:00 UTC 2014 x86_64
libc:glibc 2.19 NPTL 2.19 
rlimit: STACK 8192k, CORE 0k, NPROC 31383, NOFILE 4096, AS infinity
load average:0,33 0,43 0,47

/proc/meminfo:
MemTotal:        4047760 kB
MemFree:          411376 kB
Buffers:           49904 kB
Cached:          1614976 kB
SwapCached:            0 kB
Active:          2000476 kB
Inactive:        1449928 kB
Active(anon):    1496176 kB
Inactive(anon):   305112 kB
Active(file):     504300 kB
Inactive(file):  1144816 kB
Unevictable:           0 kB
Mlocked:               0 kB
SwapTotal:        498684 kB
SwapFree:         498684 kB
Dirty:               524 kB
Writeback:             0 kB
AnonPages:       1785480 kB
Mapped:           274212 kB
Shmem:             15716 kB
Slab:              91140 kB
SReclaimable:      65116 kB
SUnreclaim:        26024 kB
KernelStack:        3912 kB
PageTables:        32564 kB
NFS_Unstable:          0 kB
Bounce:                0 kB
WritebackTmp:          0 kB
CommitLimit:     2522564 kB
Committed_AS:    4749572 kB
VmallocTotal:   34359738367 kB
VmallocUsed:      306600 kB
VmallocChunk:   34359425020 kB
HardwareCorrupted:     0 kB
AnonHugePages:    571392 kB
HugePages_Total:       0
HugePages_Free:        0
HugePages_Rsvd:        0
HugePages_Surp:        0
Hugepagesize:       2048 kB
DirectMap4k:      124544 kB
DirectMap2M:     4069376 kB


CPU:total 2 (2 cores per cpu, 1 threads per core) family 6 model 23 stepping 6, cmov, cx8, fxsr, mmx, sse, sse2, sse3, ssse3, tsc

/proc/cpuinfo:
processor	: 0
vendor_id	: GenuineIntel
cpu family	: 6
model		: 23
model name	: Pentium(R) Dual-Core  CPU      E5200  @ 2.50GHz
stepping	: 6
microcode	: 0x606
cpu MHz		: 2500.000
cache size	: 2048 KB
physical id	: 0
siblings	: 2
core id		: 0
cpu cores	: 2
apicid		: 0
initial apicid	: 0
fpu		: yes
fpu_exception	: yes
cpuid level	: 10
wp		: yes
flags		: fpu vme de pse tsc msr pae mce cx8 apic sep mtrr pge mca cmov pat pse36 clflush dts acpi mmx fxsr sse sse2 ss ht tm pbe syscall nx lm constant_tsc arch_perfmon pebs bts rep_good nopl aperfmperf pni dtes64 monitor ds_cpl est tm2 ssse3 cx16 xtpr pdcm lahf_lm dtherm
bogomips	: 5000.34
clflush size	: 64
cache_alignment	: 64
address sizes	: 36 bits physical, 48 bits virtual
power management:

processor	: 1
vendor_id	: GenuineIntel
cpu family	: 6
model		: 23
model name	: Pentium(R) Dual-Core  CPU      E5200  @ 2.50GHz
stepping	: 6
microcode	: 0x606
cpu MHz		: 2500.000
cache size	: 2048 KB
physical id	: 0
siblings	: 2
core id		: 1
cpu cores	: 2
apicid		: 1
initial apicid	: 1
fpu		: yes
fpu_exception	: yes
cpuid level	: 10
wp		: yes
flags		: fpu vme de pse tsc msr pae mce cx8 apic sep mtrr pge mca cmov pat pse36 clflush dts acpi mmx fxsr sse sse2 ss ht tm pbe syscall nx lm constant_tsc arch_perfmon pebs bts rep_good nopl aperfmperf pni dtes64 monitor ds_cpl est tm2 ssse3 cx16 xtpr pdcm lahf_lm dtherm
bogomips	: 5000.34
clflush size	: 64
cache_alignment	: 64
address sizes	: 36 bits physical, 48 bits virtual
power management:



Memory: 4k page, physical 4047760k(411376k free), swap 498684k(498684k free)

vm_info: OpenJDK 64-Bit Server VM (24.51-b03) for linux-amd64 JRE (1.7.0_55-b14), built on Apr 17 2014 20:08:07 by "buildd" with gcc 4.8.2

time: Thu Jun 26 00:11:16 2014
elapsed time: 475 seconds

